0 info it worked if it ends with ok
1 verbose cli [ '/home/masa3846/.anyenv/envs/ndenv/versions/v4/bin/node',
1 verbose cli   '/home/masa3846/.anyenv/envs/ndenv/versions/v4/bin/npm',
1 verbose cli   'run',
1 verbose cli   'build:doc' ]
2 info using npm@3.8.5
3 info using node@v4.4.2
4 verbose run-script [ 'prebuild:doc', 'build:doc', 'postbuild:doc' ]
5 info lifecycle linebot@0.1.0~prebuild:doc: linebot@0.1.0
6 silly lifecycle linebot@0.1.0~prebuild:doc: no script for prebuild:doc, continuing
7 info lifecycle linebot@0.1.0~build:doc: linebot@0.1.0
8 verbose lifecycle linebot@0.1.0~build:doc: unsafe-perm in lifecycle true
9 verbose lifecycle linebot@0.1.0~build:doc: PATH: /home/masa3846/.anyenv/envs/ndenv/versions/v4/lib/node_modules/npm/bin/node-gyp-bin:/home/masa3846/Documents/linebot/node-linebot/doc/node_modules/.bin:/home/masa3846/.anyenv/envs/ndenv/versions/v4/bin:/home/masa3846/.anyenv/envs/ndenv/versions/v4/bin:/home/masa3846/.anyenv/envs/ndenv/libexec:/home/masa3846/.anyenv/envs/ndenv/plugins/node-build/bin:/home/masa3846/.anyenv/envs/ndenv/shims:/home/masa3846/.anyenv/envs/ndenv/bin:/home/masa3846/.anyenv/bin:/usr/local/sbin:/usr/local/bin:/usr/sbin:/usr/bin:/sbin:/bin:/usr/games:/usr/local/games
10 verbose lifecycle linebot@0.1.0~build:doc: CWD: /home/masa3846/Documents/linebot/node-linebot/doc
11 silly lifecycle linebot@0.1.0~build:doc: Args: [ '-c', 'esdoc -c ./.esdoc.json' ]
12 info lifecycle linebot@0.1.0~build:doc: Failed to exec build:doc script
13 verbose stack Error: linebot@0.1.0 build:doc: `esdoc -c ./.esdoc.json`
13 verbose stack spawn ENOENT
13 verbose stack     at ChildProcess.<anonymous> (/home/masa3846/.anyenv/envs/ndenv/versions/v4/lib/node_modules/npm/lib/utils/spawn.js:17:16)
13 verbose stack     at emitTwo (events.js:87:13)
13 verbose stack     at ChildProcess.emit (events.js:172:7)
13 verbose stack     at maybeClose (internal/child_process.js:827:16)
13 verbose stack     at Process.ChildProcess._handle.onexit (internal/child_process.js:211:5)
14 verbose pkgid linebot@0.1.0
15 verbose cwd /home/masa3846/Documents/linebot/node-linebot/doc
16 error Linux 3.19.0-49-generic
17 error argv "/home/masa3846/.anyenv/envs/ndenv/versions/v4/bin/node" "/home/masa3846/.anyenv/envs/ndenv/versions/v4/bin/npm" "run" "build:doc"
18 error node v4.4.2
19 error npm  v3.8.5
20 error file sh
21 error code ELIFECYCLE
22 error errno ENOENT
23 error syscall spawn
24 error linebot@0.1.0 build:doc: `esdoc -c ./.esdoc.json`
24 error spawn ENOENT
25 error Failed at the linebot@0.1.0 build:doc script 'esdoc -c ./.esdoc.json'.
25 error Make sure you have the latest version of node.js and npm installed.
25 error If you do, this is most likely a problem with the linebot package,
25 error not with npm itself.
25 error Tell the author that this fails on your system:
25 error     esdoc -c ./.esdoc.json
25 error You can get information on how to open an issue for this project with:
25 error     npm bugs linebot
25 error Or if that isn't available, you can get their info via:
25 error     npm owner ls linebot
25 error There is likely additional logging output above.
26 verbose exit [ 1, true ]
